2025-11-16 14:04:05 | INFO | [Server::start] Server listening on port 8888 (ET=on)
2025-11-16 14:17:20 | INFO | [DBPool::init] start init: host=127.0.0.1 port=3306 user=root db=serverlogin poolSize=10
2025-11-16 14:17:20 | INFO | [DBconnection::DBconnection] mysql_init OK, handle=0x639ab79a7bc0
2025-11-16 14:17:20 | INFO | [DBconnection::connect] try connect: host=127.0.0.1 port=3306 user=root dbname=serverlogin charset=utf8mb4
2025-11-16 14:17:20 | INFO | [DBconnection::connect] MySQL connect OK, handle=0x639ab79a7bc0
2025-11-16 14:17:20 | INFO | [DBconnection::DBconnection] mysql_init OK, handle=0x639ab7a5fcf0
2025-11-16 14:17:20 | INFO | [DBconnection::connect] try connect: host=127.0.0.1 port=3306 user=root dbname=serverlogin charset=utf8mb4
2025-11-16 14:17:20 | INFO | [DBconnection::connect] MySQL connect OK, handle=0x639ab7a5fcf0
2025-11-16 14:17:20 | INFO | [DBconnection::DBconnection] mysql_init OK, handle=0x639ab7aab330
2025-11-16 14:17:20 | INFO | [DBconnection::connect] try connect: host=127.0.0.1 port=3306 user=root dbname=serverlogin charset=utf8mb4
2025-11-16 14:17:20 | INFO | [DBconnection::connect] MySQL connect OK, handle=0x639ab7aab330
2025-11-16 14:17:20 | INFO | [DBconnection::DBconnection] mysql_init OK, handle=0x639ab7ac3040
2025-11-16 14:17:20 | INFO | [DBconnection::connect] try connect: host=127.0.0.1 port=3306 user=root dbname=serverlogin charset=utf8mb4
2025-11-16 14:17:20 | INFO | [DBconnection::connect] MySQL connect OK, handle=0x639ab7ac3040
2025-11-16 14:17:20 | INFO | [DBconnection::DBconnection] mysql_init OK, handle=0x639ab7ad90c0
2025-11-16 14:17:20 | INFO | [DBconnection::connect] try connect: host=127.0.0.1 port=3306 user=root dbname=serverlogin charset=utf8mb4
2025-11-16 14:17:20 | INFO | [DBconnection::connect] MySQL connect OK, handle=0x639ab7ad90c0
2025-11-16 14:17:20 | INFO | [DBconnection::DBconnection] mysql_init OK, handle=0x639ab7aefb60
2025-11-16 14:17:20 | INFO | [DBconnection::connect] try connect: host=127.0.0.1 port=3306 user=root dbname=serverlogin charset=utf8mb4
2025-11-16 14:17:20 | INFO | [DBconnection::connect] MySQL connect OK, handle=0x639ab7aefb60
2025-11-16 14:17:20 | INFO | [DBconnection::DBconnection] mysql_init OK, handle=0x639ab7b065e0
2025-11-16 14:17:20 | INFO | [DBconnection::connect] try connect: host=127.0.0.1 port=3306 user=root dbname=serverlogin charset=utf8mb4
2025-11-16 14:17:20 | INFO | [DBconnection::connect] MySQL connect OK, handle=0x639ab7b065e0
2025-11-16 14:17:20 | INFO | [DBconnection::DBconnection] mysql_init OK, handle=0x639ab7b1d060
2025-11-16 14:17:20 | INFO | [DBconnection::connect] try connect: host=127.0.0.1 port=3306 user=root dbname=serverlogin charset=utf8mb4
2025-11-16 14:17:20 | INFO | [DBconnection::connect] MySQL connect OK, handle=0x639ab7b1d060
2025-11-16 14:17:20 | INFO | [DBconnection::DBconnection] mysql_init OK, handle=0x639ab7b33ae0
2025-11-16 14:17:20 | INFO | [DBconnection::connect] try connect: host=127.0.0.1 port=3306 user=root dbname=serverlogin charset=utf8mb4
2025-11-16 14:17:20 | INFO | [DBconnection::connect] MySQL connect OK, handle=0x639ab7b33ae0
2025-11-16 14:17:20 | INFO | [DBconnection::DBconnection] mysql_init OK, handle=0x639ab7b49cf0
2025-11-16 14:17:20 | INFO | [DBconnection::connect] try connect: host=127.0.0.1 port=3306 user=root dbname=serverlogin charset=utf8mb4
2025-11-16 14:17:20 | INFO | [DBconnection::connect] MySQL connect OK, handle=0x639ab7b49cf0
2025-11-16 14:17:20 | INFO | [DBPool::init] init OK, success=10 / poolSize=10
2025-11-16 14:17:20 | INFO | [Reactor::ctor] create reactor, MaxEvent=1024 useET=true
2025-11-16 14:17:20 | INFO | [Reactor::ctor] reactor init OK, epfd=17 evfd=18
2025-11-16 14:17:20 | INFO | [ThreadPool::ThreadPool] create thread pool, threads=4, maxTasks=1024
2025-11-16 14:17:20 | INFO | [ThreadPool::run] starting workers, count=4
2025-11-16 14:17:20 | INFO | [Reactor::setDispatcher] dispatcher set OK
2025-11-16 14:17:20 | INFO | [Server::start] Server listening on port 8888 (ET=on)
2025-11-16 14:17:20 | INFO | [Reactor::loop] event loop start
2025-11-16 14:17:20 | INFO | [ThreadPool::RunPool] worker thread 136597332809280 start
2025-11-16 14:17:20 | INFO | [ThreadPool::RunPool] worker thread 136597341201984 start
2025-11-16 14:17:20 | INFO | [ThreadPool::RunPool] worker thread 136597324416576 start
2025-11-16 14:17:20 | INFO | [ThreadPool::RunPool] worker thread 136597349594688 start
2025-11-16 14:18:15 | INFO | [Server::onAccept] new connection fd=20 from 127.0.0.1:46128
2025-11-16 14:18:15 | INFO | [AuthService::login] user Elias login success, id = 1
2025-11-16 14:18:15 | INFO | [Server::onConnRead] fd=20 peer closed
2025-11-16 14:18:15 | INFO | [Server::closeConn] closing fd=20
2025-11-16 14:18:15 | INFO | [Reactor::delFd] fd=20 removed from epoll and users_
2025-11-16 14:21:20 | INFO | [Server::onAccept] new connection fd=20 from 127.0.0.1:51134
2025-11-16 14:21:20 | INFO | [DBconnection::update] update OK, affected_rows=1
2025-11-16 14:21:20 | INFO | [AuthService::Register] register success, user = seele, id = 3
2025-11-16 14:21:20 | INFO | [AuthService::login] user Elias login success, id = 1
2025-11-16 14:21:20 | INFO | [Server::onConnWrite] fd=20 outbuf empty and shortClose=true, closing
2025-11-16 14:21:20 | INFO | [Server::closeConn] closing fd=20
2025-11-16 14:21:20 | INFO | [Reactor::delFd] fd=20 removed from epoll and users_
2025-11-16 14:21:58 | INFO | [Server::onAccept] new connection fd=20 from 127.0.0.1:60184
2025-11-16 14:22:04 | INFO | [Server::onConnRead] fd=20 peer closed
2025-11-16 14:22:04 | INFO | [Server::closeConn] closing fd=20
2025-11-16 14:22:04 | INFO | [Reactor::delFd] fd=20 removed from epoll and users_
2025-11-16 14:22:09 | INFO | [Server::onAccept] new connection fd=20 from 127.0.0.1:57510
2025-11-16 14:22:09 | INFO | [Server::onAccept] new connection fd=21 from 127.0.0.1:57524
2025-11-16 14:22:09 | INFO | [Server::onAccept] new connection fd=22 from 127.0.0.1:57530
2025-11-16 14:22:09 | INFO | [Server::onAccept] new connection fd=23 from 127.0.0.1:57540
2025-11-16 14:22:09 | INFO | [AuthService::login] user Elias login success, id = 1
2025-11-16 14:22:09 | INFO | [AuthService::login] user Elias login success, id = 1
2025-11-16 14:22:09 | INFO | [Server::onAccept] new connection fd=24 from 127.0.0.1:57544
2025-11-16 14:22:09 | INFO | [AuthService::login] user Elias login success, id = 1
2025-11-16 14:22:09 | INFO | [Server::onAccept] new connection fd=25 from 127.0.0.1:57546
2025-11-16 14:22:09 | INFO | [Server::onAccept] new connection fd=26 from 127.0.0.1:57560
2025-11-16 14:22:09 | INFO | [AuthService::login] user Elias login success, id = 1
2025-11-16 14:22:09 | INFO | [Server::onAccept] new connection fd=27 from 127.0.0.1:57568
2025-11-16 14:22:09 | INFO | [AuthService::login] user Elias login success, id = 1
2025-11-16 14:22:09 | INFO | [Server::onAccept] new connection fd=28 from 127.0.0.1:57576
2025-11-16 14:22:09 | INFO | [AuthService::login] user Elias login success, id = 1
2025-11-16 14:22:09 | INFO | [Server::onAccept] new connection fd=29 from 127.0.0.1:57590
2025-11-16 14:22:09 | INFO | [AuthService::login] user Elias login success, id = 1
2025-11-16 14:22:09 | INFO | [AuthService::login] user Elias login success, id = 1
2025-11-16 14:22:09 | INFO | [AuthService::login] user Elias login success, id = 1
2025-11-16 14:22:09 | INFO | [AuthService::login] user Elias login success, id = 1
2025-11-16 14:22:29 | INFO | [Server::onConnRead] fd=29 peer closed
2025-11-16 14:22:29 | INFO | [Server::closeConn] closing fd=29
2025-11-16 14:22:29 | INFO | [Reactor::delFd] fd=29 removed from epoll and users_
2025-11-16 14:22:29 | INFO | [Server::onConnRead] fd=28 peer closed
2025-11-16 14:22:29 | INFO | [Server::closeConn] closing fd=28
2025-11-16 14:22:29 | INFO | [Reactor::delFd] fd=28 removed from epoll and users_
2025-11-16 14:22:29 | INFO | [Server::onConnRead] fd=27 peer closed
2025-11-16 14:22:29 | INFO | [Server::closeConn] closing fd=27
2025-11-16 14:22:29 | INFO | [Reactor::delFd] fd=27 removed from epoll and users_
2025-11-16 14:22:29 | INFO | [Server::onConnRead] fd=26 peer closed
2025-11-16 14:22:29 | INFO | [Server::closeConn] closing fd=26
2025-11-16 14:22:29 | INFO | [Reactor::delFd] fd=26 removed from epoll and users_
2025-11-16 14:22:29 | INFO | [Server::onConnRead] fd=25 peer closed
2025-11-16 14:22:29 | INFO | [Server::closeConn] closing fd=25
2025-11-16 14:22:29 | INFO | [Reactor::delFd] fd=25 removed from epoll and users_
2025-11-16 14:22:29 | INFO | [Server::onConnRead] fd=24 peer closed
2025-11-16 14:22:29 | INFO | [Server::closeConn] closing fd=24
2025-11-16 14:22:29 | INFO | [Reactor::delFd] fd=24 removed from epoll and users_
2025-11-16 14:22:29 | INFO | [Server::onConnRead] fd=23 peer closed
2025-11-16 14:22:29 | INFO | [Server::closeConn] closing fd=23
2025-11-16 14:22:29 | INFO | [Reactor::delFd] fd=23 removed from epoll and users_
2025-11-16 14:22:29 | INFO | [Server::onConnRead] fd=22 peer closed
2025-11-16 14:22:29 | INFO | [Server::closeConn] closing fd=22
2025-11-16 14:22:29 | INFO | [Reactor::delFd] fd=22 removed from epoll and users_
2025-11-16 14:22:29 | INFO | [Server::onConnRead] fd=21 peer closed
2025-11-16 14:22:29 | INFO | [Server::closeConn] closing fd=21
2025-11-16 14:22:29 | INFO | [Reactor::delFd] fd=21 removed from epoll and users_
2025-11-16 14:22:29 | INFO | [Server::onConnRead] fd=20 peer closed
2025-11-16 14:22:29 | INFO | [Server::closeConn] closing fd=20
2025-11-16 14:22:29 | INFO | [Reactor::delFd] fd=20 removed from epoll and users_
2025-11-16 14:22:37 | INFO | [Server::stop] stopping server on port 8888
2025-11-16 14:22:37 | INFO | [Reactor::delFd] fd=19 removed from epoll and users_
2025-11-16 14:22:37 | INFO | [Server::stop] listenFd_ closed
2025-11-16 14:22:37 | INFO | [Server::stop] closing 0 active connections
2025-11-16 14:22:37 | INFO | [Reactor::stop] set running_=false, wakeup loop
2025-11-16 14:22:37 | INFO | [Reactor::loop] event loop exit
2025-11-16 14:22:37 | INFO | [Server::stop] server already stopped
2025-11-16 14:22:37 | INFO | [ThreadPool::~ThreadPool] stopping thread pool...
2025-11-16 14:22:37 | INFO | [ThreadPool::RunPool] worker 136597341201984 exits because pool stopped
2025-11-16 14:22:37 | INFO | [ThreadPool::RunPool] worker thread 136597341201984 exit
2025-11-16 14:22:37 | INFO | [ThreadPool::RunPool] worker 136597349594688 exits because pool stopped
2025-11-16 14:22:37 | INFO | [ThreadPool::RunPool] worker thread 136597349594688 exit
2025-11-16 14:22:37 | INFO | [ThreadPool::RunPool] worker 136597332809280 exits because pool stopped
2025-11-16 14:22:37 | INFO | [ThreadPool::RunPool] worker thread 136597332809280 exit
2025-11-16 14:22:37 | INFO | [ThreadPool::RunPool] worker 136597324416576 exits because pool stopped
2025-11-16 14:22:37 | INFO | [ThreadPool::RunPool] worker thread 136597324416576 exit
2025-11-16 14:22:37 | INFO | [ThreadPool::~ThreadPool] all worker threads joined
2025-11-16 14:22:37 | INFO | [Reactor::dtor] destroy reactor
2025-11-16 14:22:37 | INFO | [Reactor::dtor] evfd_ closed: 18
2025-11-16 14:22:37 | INFO | [Reactor::dtor] epfd_ closed: 17
